2023-08-10 19:53:20,165 - INFO - =============================================================
2023-08-10 19:53:20,166 - INFO - Today is 2023-08-10 at 07:53 PM
2023-08-10 19:53:20,177 - INFO - This file is running on: nt Windows 10
2023-08-10 19:53:20,177 - INFO - The Python version is: 3.11.4
2023-08-10 19:53:20,178 - INFO - The active environment path is:   C:\Users\keros\.venv\cintel-05-live-updates\.venv
2023-08-10 19:53:20,178 - INFO - The current working directory is: C:\Users\keros\.venv\cintel-05-live-updates
2023-08-10 19:53:20,178 - INFO - =============================================================
2023-08-10 20:00:09,077 - INFO - =============================================================
2023-08-10 20:00:09,078 - INFO - Today is 2023-08-10 at 08:00 PM
2023-08-10 20:00:09,088 - INFO - This file is running on: nt Windows 10
2023-08-10 20:00:09,088 - INFO - The Python version is: 3.11.4
2023-08-10 20:00:09,088 - INFO - The active environment path is:   C:\Users\keros\.venv\cintel-05-live-updates\.venv
2023-08-10 20:00:09,088 - INFO - The current working directory is: C:\Users\keros\.venv\cintel-05-live-updates
2023-08-10 20:00:09,089 - INFO - =============================================================
2023-08-10 20:00:09,092 - INFO - Calling update_csv_location
2023-08-10 20:00:09,092 - INFO - Calling get_exchange_rates
2023-08-10 20:00:09,092 - ERROR - ERROR in update_csv_location: fetch_from_url() got an unexpected keyword argument 'params'
2023-08-10 20:07:20,560 - INFO - =============================================================
2023-08-10 20:07:20,561 - INFO - Today is 2023-08-10 at 08:07 PM
2023-08-10 20:07:20,561 - INFO - This file is running on: nt Windows 10
2023-08-10 20:07:20,561 - INFO - The Python version is: 3.11.4
2023-08-10 20:07:20,561 - INFO - The active environment path is:   C:\Users\keros\.venv\cintel-05-live-updates\.venv
2023-08-10 20:07:20,562 - INFO - The current working directory is: C:\Users\keros\.venv\cintel-05-live-updates
2023-08-10 20:07:20,562 - INFO - =============================================================
2023-08-10 20:07:20,564 - INFO - Calling update_csv_location
2023-08-10 20:07:20,564 - INFO - Calling get_exchange_rates
2023-08-10 20:07:20,566 - ERROR - ERROR in update_csv_location: Invalid variable type: value should be str, int or float, got None of type <class 'NoneType'>
2023-08-10 20:18:47,129 - INFO - =============================================================
2023-08-10 20:18:47,130 - INFO - Today is 2023-08-10 at 08:18 PM
2023-08-10 20:18:47,130 - INFO - This file is running on: nt Windows 10
2023-08-10 20:18:47,130 - INFO - The Python version is: 3.11.4
2023-08-10 20:18:47,130 - INFO - The active environment path is:   C:\Users\keros\.venv\cintel-05-live-updates\.venv
2023-08-10 20:18:47,131 - INFO - The current working directory is: C:\Users\keros\.venv\cintel-05-live-updates
2023-08-10 20:18:47,131 - INFO - =============================================================
2023-08-10 20:18:47,132 - INFO - Calling update_csv_location
2023-08-10 20:18:47,133 - INFO - Calling get_exchange_rates
2023-08-10 20:18:47,133 - ERROR - ERROR in update_csv_location: Invalid variable type: value should be str, int or float, got None of type <class 'NoneType'>
2023-08-10 20:20:05,615 - INFO - =============================================================
2023-08-10 20:20:05,616 - INFO - Today is 2023-08-10 at 08:20 PM
2023-08-10 20:20:05,616 - INFO - This file is running on: nt Windows 10
2023-08-10 20:20:05,618 - INFO - The Python version is: 3.11.4
2023-08-10 20:20:05,618 - INFO - The active environment path is:   C:\Users\keros\.venv\cintel-05-live-updates\.venv
2023-08-10 20:20:05,618 - INFO - The current working directory is: C:\Users\keros\.venv\cintel-05-live-updates
2023-08-10 20:20:05,618 - INFO - =============================================================
2023-08-10 20:20:05,620 - INFO - Calling update_csv_location
2023-08-10 20:20:05,621 - INFO - Calling get_exchange_rates
2023-08-10 20:20:05,622 - ERROR - ERROR in update_csv_location: Invalid variable type: value should be str, int or float, got None of type <class 'NoneType'>
2023-08-10 20:24:29,876 - INFO - =============================================================
2023-08-10 20:24:29,877 - INFO - Today is 2023-08-10 at 08:24 PM
2023-08-10 20:24:29,877 - INFO - This file is running on: nt Windows 10
2023-08-10 20:24:29,877 - INFO - The Python version is: 3.11.4
2023-08-10 20:24:29,878 - INFO - The active environment path is:   C:\Users\keros\.venv\cintel-05-live-updates\.venv
2023-08-10 20:24:29,878 - INFO - The current working directory is: C:\Users\keros\.venv\cintel-05-live-updates
2023-08-10 20:24:29,878 - INFO - =============================================================
2023-08-10 20:24:29,879 - INFO - Calling update_csv_location
2023-08-10 20:24:29,880 - INFO - Calling get_exchange_rates
2023-08-10 20:24:29,881 - ERROR - ERROR in update_csv_location: Invalid variable type: value should be str, int or float, got None of type <class 'NoneType'>
2023-08-10 20:27:29,805 - INFO - =============================================================
2023-08-10 20:27:29,806 - INFO - Today is 2023-08-10 at 08:27 PM
2023-08-10 20:27:29,806 - INFO - This file is running on: nt Windows 10
2023-08-10 20:27:29,806 - INFO - The Python version is: 3.11.4
2023-08-10 20:27:29,806 - INFO - The active environment path is:   C:\Users\keros\.venv\cintel-05-live-updates\.venv
2023-08-10 20:27:29,807 - INFO - The current working directory is: C:\Users\keros\.venv\cintel-05-live-updates
2023-08-10 20:27:29,807 - INFO - =============================================================
2023-08-10 20:27:29,808 - INFO - Calling update_csv_location
2023-08-10 20:27:29,809 - INFO - Calling get_exchange_rates
2023-08-10 20:27:29,809 - ERROR - ERROR in update_csv_location: Invalid variable type: value should be str, int or float, got None of type <class 'NoneType'>
2023-08-10 20:32:51,542 - INFO - =============================================================
2023-08-10 20:32:51,543 - INFO - Today is 2023-08-10 at 08:32 PM
2023-08-10 20:32:51,543 - INFO - This file is running on: nt Windows 10
2023-08-10 20:32:51,543 - INFO - The Python version is: 3.11.4
2023-08-10 20:32:51,545 - INFO - The active environment path is:   C:\Users\keros\.venv\cintel-05-live-updates\.venv
2023-08-10 20:32:51,545 - INFO - The current working directory is: C:\Users\keros\.venv\cintel-05-live-updates
2023-08-10 20:32:51,545 - INFO - =============================================================
2023-08-10 20:32:51,547 - INFO - Calling update_csv_location
2023-08-10 20:32:51,547 - INFO - Calling get_exchange_rates
2023-08-10 20:32:51,548 - ERROR - ERROR in update_csv_location: Invalid variable type: value should be str, int or float, got None of type <class 'NoneType'>
2023-08-10 20:37:25,231 - INFO - =============================================================
2023-08-10 20:37:25,231 - INFO - Today is 2023-08-10 at 08:37 PM
2023-08-10 20:37:25,242 - INFO - This file is running on: nt Windows 10
2023-08-10 20:37:25,243 - INFO - The Python version is: 3.11.4
2023-08-10 20:37:25,243 - INFO - The active environment path is:   C:\Users\keros\.venv\cintel-05-live-updates\.venv
2023-08-10 20:37:25,243 - INFO - The current working directory is: C:\Users\keros\.venv\cintel-05-live-updates
2023-08-10 20:37:25,244 - INFO - =============================================================
2023-08-10 22:11:31,919 - INFO - =============================================================
2023-08-10 22:11:31,921 - INFO - Today is 2023-08-10 at 10:11 PM
2023-08-10 22:11:31,921 - INFO - This file is running on: nt Windows 10
2023-08-10 22:11:31,921 - INFO - The Python version is: 3.11.4
2023-08-10 22:11:31,922 - INFO - The active environment path is:   C:\Users\keros\.venv\cintel-05-live-updates\.venv
2023-08-10 22:11:31,922 - INFO - The current working directory is: C:\Users\keros\.venv\cintel-05-live-updates
2023-08-10 22:11:31,922 - INFO - =============================================================
2023-08-10 22:18:34,403 - INFO - =============================================================
2023-08-10 22:18:34,403 - INFO - Today is 2023-08-10 at 10:18 PM
2023-08-10 22:18:34,415 - INFO - This file is running on: nt Windows 10
2023-08-10 22:18:34,415 - INFO - The Python version is: 3.11.4
2023-08-10 22:18:34,415 - INFO - The active environment path is:   C:\Users\keros\.venv\cintel-05-live-updates\.venv
2023-08-10 22:18:34,416 - INFO - The current working directory is: C:\Users\keros\.venv\cintel-05-live-updates
2023-08-10 22:18:34,416 - INFO - =============================================================
